{"/Users/king-manchow/Documents/HackReactor/SDC/QnAServer/app.js": {"path":"/Users/king-manchow/Documents/HackReactor/SDC/QnAServer/app.js","statementMap":{"0":{"start":{"line":3,"column":16},"end":{"line":3,"column":34}},"1":{"start":{"line":4,"column":12},"end":{"line":4,"column":21}},"2":{"start":{"line":5,"column":13},"end":{"line":5,"column":28}},"3":{"start":{"line":6,"column":11},"end":{"line":6,"column":34}},"4":{"start":{"line":9,"column":0},"end":{"line":9,"column":16}},"5":{"start":{"line":10,"column":0},"end":{"line":10,"column":24}},"6":{"start":{"line":11,"column":0},"end":{"line":11,"column":48}},"7":{"start":{"line":13,"column":0},"end":{"line":15,"column":3}},"8":{"start":{"line":14,"column":2},"end":{"line":14,"column":68}},"9":{"start":{"line":19,"column":0},"end":{"line":32,"column":3}},"10":{"start":{"line":20,"column":13},"end":{"line":20,"column":32}},"11":{"start":{"line":21,"column":14},"end":{"line":21,"column":34}},"12":{"start":{"line":22,"column":11},"end":{"line":22,"column":31}},"13":{"start":{"line":24,"column":2},"end":{"line":30,"column":4}},"14":{"start":{"line":25,"column":4},"end":{"line":25,"column":72}},"15":{"start":{"line":26,"column":4},"end":{"line":28,"column":5}},"16":{"start":{"line":27,"column":6},"end":{"line":27,"column":58}},"17":{"start":{"line":29,"column":4},"end":{"line":29,"column":31}},"18":{"start":{"line":35,"column":0},"end":{"line":45,"column":3}},"19":{"start":{"line":36,"column":11},"end":{"line":36,"column":33}},"20":{"start":{"line":37,"column":2},"end":{"line":44,"column":6}},"21":{"start":{"line":39,"column":6},"end":{"line":39,"column":59}},"22":{"start":{"line":40,"column":6},"end":{"line":40,"column":33}},"23":{"start":{"line":43,"column":6},"end":{"line":43,"column":55}},"24":{"start":{"line":50,"column":0},"end":{"line":59,"column":3}},"25":{"start":{"line":51,"column":20},"end":{"line":51,"column":29}},"26":{"start":{"line":52,"column":2},"end":{"line":58,"column":6}},"27":{"start":{"line":54,"column":6},"end":{"line":54,"column":51}},"28":{"start":{"line":57,"column":6},"end":{"line":57,"column":57}},"29":{"start":{"line":62,"column":0},"end":{"line":77,"column":3}},"30":{"start":{"line":63,"column":19},"end":{"line":63,"column":41}},"31":{"start":{"line":64,"column":18},"end":{"line":64,"column":27}},"32":{"start":{"line":65,"column":2},"end":{"line":76,"column":6}},"33":{"start":{"line":68,"column":6},"end":{"line":68,"column":46}},"34":{"start":{"line":69,"column":6},"end":{"line":69,"column":13}},"35":{"start":{"line":72,"column":6},"end":{"line":72,"column":68}},"36":{"start":{"line":75,"column":6},"end":{"line":75,"column":57}},"37":{"start":{"line":83,"column":0},"end":{"line":92,"column":3}},"38":{"start":{"line":84,"column":11},"end":{"line":84,"column":33}},"39":{"start":{"line":85,"column":2},"end":{"line":91,"column":6}},"40":{"start":{"line":87,"column":6},"end":{"line":87,"column":41}},"41":{"start":{"line":90,"column":6},"end":{"line":90,"column":67}},"42":{"start":{"line":95,"column":0},"end":{"line":104,"column":3}},"43":{"start":{"line":96,"column":11},"end":{"line":96,"column":33}},"44":{"start":{"line":97,"column":2},"end":{"line":103,"column":6}},"45":{"start":{"line":99,"column":6},"end":{"line":99,"column":41}},"46":{"start":{"line":102,"column":6},"end":{"line":102,"column":66}},"47":{"start":{"line":108,"column":0},"end":{"line":117,"column":3}},"48":{"start":{"line":109,"column":11},"end":{"line":109,"column":31}},"49":{"start":{"line":110,"column":2},"end":{"line":116,"column":6}},"50":{"start":{"line":112,"column":6},"end":{"line":112,"column":41}},"51":{"start":{"line":115,"column":6},"end":{"line":115,"column":65}},"52":{"start":{"line":120,"column":0},"end":{"line":129,"column":3}},"53":{"start":{"line":121,"column":11},"end":{"line":121,"column":31}},"54":{"start":{"line":122,"column":2},"end":{"line":128,"column":6}},"55":{"start":{"line":124,"column":6},"end":{"line":124,"column":41}},"56":{"start":{"line":127,"column":6},"end":{"line":127,"column":64}},"57":{"start":{"line":132,"column":0},"end":{"line":132,"column":21}}},"fnMap":{"0":{"name":"(anonymous_0)","decl":{"start":{"line":13,"column":13},"end":{"line":13,"column":14}},"loc":{"start":{"line":13,"column":27},"end":{"line":15,"column":1}},"line":13},"1":{"name":"(anonymous_1)","decl":{"start":{"line":19,"column":25},"end":{"line":19,"column":26}},"loc":{"start":{"line":19,"column":39},"end":{"line":32,"column":1}},"line":19},"2":{"name":"(anonymous_2)","decl":{"start":{"line":24,"column":35},"end":{"line":24,"column":36}},"loc":{"start":{"line":24,"column":50},"end":{"line":30,"column":3}},"line":24},"3":{"name":"(anonymous_3)","decl":{"start":{"line":35,"column":46},"end":{"line":35,"column":47}},"loc":{"start":{"line":35,"column":60},"end":{"line":45,"column":1}},"line":35},"4":{"name":"(anonymous_4)","decl":{"start":{"line":38,"column":10},"end":{"line":38,"column":11}},"loc":{"start":{"line":38,"column":18},"end":{"line":41,"column":5}},"line":38},"5":{"name":"(anonymous_5)","decl":{"start":{"line":42,"column":11},"end":{"line":42,"column":12}},"loc":{"start":{"line":42,"column":18},"end":{"line":44,"column":5}},"line":42},"6":{"name":"(anonymous_6)","decl":{"start":{"line":50,"column":26},"end":{"line":50,"column":27}},"loc":{"start":{"line":50,"column":40},"end":{"line":59,"column":1}},"line":50},"7":{"name":"(anonymous_7)","decl":{"start":{"line":53,"column":10},"end":{"line":53,"column":11}},"loc":{"start":{"line":53,"column":16},"end":{"line":55,"column":5}},"line":53},"8":{"name":"(anonymous_8)","decl":{"start":{"line":56,"column":11},"end":{"line":56,"column":12}},"loc":{"start":{"line":56,"column":18},"end":{"line":58,"column":5}},"line":56},"9":{"name":"(anonymous_9)","decl":{"start":{"line":62,"column":47},"end":{"line":62,"column":48}},"loc":{"start":{"line":62,"column":61},"end":{"line":77,"column":1}},"line":62},"10":{"name":"(anonymous_10)","decl":{"start":{"line":66,"column":10},"end":{"line":66,"column":11}},"loc":{"start":{"line":66,"column":16},"end":{"line":70,"column":5}},"line":66},"11":{"name":"(anonymous_11)","decl":{"start":{"line":71,"column":10},"end":{"line":71,"column":11}},"loc":{"start":{"line":71,"column":16},"end":{"line":73,"column":5}},"line":71},"12":{"name":"(anonymous_12)","decl":{"start":{"line":74,"column":11},"end":{"line":74,"column":12}},"loc":{"start":{"line":74,"column":18},"end":{"line":76,"column":5}},"line":74},"13":{"name":"(anonymous_13)","decl":{"start":{"line":83,"column":46},"end":{"line":83,"column":47}},"loc":{"start":{"line":83,"column":60},"end":{"line":92,"column":1}},"line":83},"14":{"name":"(anonymous_14)","decl":{"start":{"line":86,"column":10},"end":{"line":86,"column":11}},"loc":{"start":{"line":86,"column":16},"end":{"line":88,"column":5}},"line":86},"15":{"name":"(anonymous_15)","decl":{"start":{"line":89,"column":11},"end":{"line":89,"column":12}},"loc":{"start":{"line":89,"column":18},"end":{"line":91,"column":5}},"line":89},"16":{"name":"(anonymous_16)","decl":{"start":{"line":95,"column":45},"end":{"line":95,"column":46}},"loc":{"start":{"line":95,"column":59},"end":{"line":104,"column":1}},"line":95},"17":{"name":"(anonymous_17)","decl":{"start":{"line":98,"column":10},"end":{"line":98,"column":11}},"loc":{"start":{"line":98,"column":16},"end":{"line":100,"column":5}},"line":98},"18":{"name":"(anonymous_18)","decl":{"start":{"line":101,"column":11},"end":{"line":101,"column":12}},"loc":{"start":{"line":101,"column":18},"end":{"line":103,"column":5}},"line":101},"19":{"name":"(anonymous_19)","decl":{"start":{"line":108,"column":42},"end":{"line":108,"column":43}},"loc":{"start":{"line":108,"column":56},"end":{"line":117,"column":1}},"line":108},"20":{"name":"(anonymous_20)","decl":{"start":{"line":111,"column":10},"end":{"line":111,"column":11}},"loc":{"start":{"line":111,"column":16},"end":{"line":113,"column":5}},"line":111},"21":{"name":"(anonymous_21)","decl":{"start":{"line":114,"column":11},"end":{"line":114,"column":12}},"loc":{"start":{"line":114,"column":18},"end":{"line":116,"column":5}},"line":114},"22":{"name":"(anonymous_22)","decl":{"start":{"line":120,"column":41},"end":{"line":120,"column":42}},"loc":{"start":{"line":120,"column":55},"end":{"line":129,"column":1}},"line":120},"23":{"name":"(anonymous_23)","decl":{"start":{"line":123,"column":10},"end":{"line":123,"column":11}},"loc":{"start":{"line":123,"column":16},"end":{"line":125,"column":5}},"line":123},"24":{"name":"(anonymous_24)","decl":{"start":{"line":126,"column":11},"end":{"line":126,"column":12}},"loc":{"start":{"line":126,"column":18},"end":{"line":128,"column":5}},"line":126}},"branchMap":{"0":{"loc":{"start":{"line":20,"column":13},"end":{"line":20,"column":32}},"type":"binary-expr","locations":[{"start":{"line":20,"column":13},"end":{"line":20,"column":27}},{"start":{"line":20,"column":31},"end":{"line":20,"column":32}}],"line":20},"1":{"loc":{"start":{"line":21,"column":14},"end":{"line":21,"column":34}},"type":"binary-expr","locations":[{"start":{"line":21,"column":14},"end":{"line":21,"column":29}},{"start":{"line":21,"column":33},"end":{"line":21,"column":34}}],"line":21},"2":{"loc":{"start":{"line":26,"column":4},"end":{"line":28,"column":5}},"type":"if","locations":[{"start":{"line":26,"column":4},"end":{"line":28,"column":5}},{"start":{},"end":{}}],"line":26}},"s":{"0":1,"1":1,"2":1,"3":1,"4":1,"5":1,"6":1,"7":1,"8":1,"9":1,"10":1,"11":1,"12":1,"13":1,"14":2,"15":2,"16":0,"17":2,"18":1,"19":1,"20":1,"21":1,"22":1,"23":0,"24":1,"25":1,"26":1,"27":1,"28":0,"29":1,"30":1,"31":1,"32":1,"33":1,"34":1,"35":1,"36":0,"37":1,"38":1,"39":1,"40":1,"41":0,"42":1,"43":1,"44":1,"45":1,"46":0,"47":1,"48":1,"49":1,"50":1,"51":0,"52":1,"53":1,"54":1,"55":1,"56":0,"57":1},"f":{"0":1,"1":1,"2":2,"3":1,"4":1,"5":0,"6":1,"7":1,"8":0,"9":1,"10":1,"11":1,"12":0,"13":1,"14":1,"15":0,"16":1,"17":1,"18":0,"19":1,"20":1,"21":0,"22":1,"23":1,"24":0},"b":{"0":[1,0],"1":[1,0],"2":[0,2]},"_coverageSchema":"1a1c01bbd47fc00a2c39e90264f33305004495a9","hash":"7e79170e31b5200a4200838c164ba0ebbbe6e94a"}
,"/Users/king-manchow/Documents/HackReactor/SDC/QnAServer/db/addAnswer.js": {"path":"/Users/king-manchow/Documents/HackReactor/SDC/QnAServer/db/addAnswer.js","statementMap":{"0":{"start":{"line":2,"column":0},"end":{"line":2,"column":52}},"1":{"start":{"line":3,"column":13},"end":{"line":3,"column":30}},"2":{"start":{"line":5,"column":18},"end":{"line":19,"column":1}},"3":{"start":{"line":7,"column":22},"end":{"line":9,"column":18}},"4":{"start":{"line":11,"column":4},"end":{"line":18,"column":74}},"5":{"start":{"line":14,"column":21},"end":{"line":14,"column":36}},"6":{"start":{"line":15,"column":12},"end":{"line":15,"column":42}},"7":{"start":{"line":16,"column":12},"end":{"line":16,"column":22}},"8":{"start":{"line":18,"column":22},"end":{"line":18,"column":73}},"9":{"start":{"line":21,"column":0},"end":{"line":21,"column":27}}},"fnMap":{"0":{"name":"(anonymous_0)","decl":{"start":{"line":5,"column":18},"end":{"line":5,"column":19}},"loc":{"start":{"line":5,"column":71},"end":{"line":19,"column":1}},"line":5},"1":{"name":"(anonymous_1)","decl":{"start":{"line":13,"column":14},"end":{"line":13,"column":15}},"loc":{"start":{"line":13,"column":22},"end":{"line":17,"column":9}},"line":13},"2":{"name":"(anonymous_2)","decl":{"start":{"line":18,"column":15},"end":{"line":18,"column":16}},"loc":{"start":{"line":18,"column":22},"end":{"line":18,"column":73}},"line":18}},"branchMap":{},"s":{"0":1,"1":1,"2":1,"3":1,"4":1,"5":0,"6":0,"7":0,"8":1,"9":1},"f":{"0":1,"1":0,"2":1},"b":{},"_coverageSchema":"1a1c01bbd47fc00a2c39e90264f33305004495a9","hash":"cae25302eddc3bb8ec16959fa604f6834e2ace23"}
,"/Users/king-manchow/Documents/HackReactor/SDC/QnAServer/db/addAnswerPhotos": {"path":"/Users/king-manchow/Documents/HackReactor/SDC/QnAServer/db/addAnswerPhotos","statementMap":{"0":{"start":{"line":2,"column":0},"end":{"line":2,"column":52}},"1":{"start":{"line":3,"column":13},"end":{"line":3,"column":30}},"2":{"start":{"line":5,"column":24},"end":{"line":17,"column":1}},"3":{"start":{"line":6,"column":17},"end":{"line":6,"column":32}},"4":{"start":{"line":7,"column":22},"end":{"line":8,"column":78}},"5":{"start":{"line":10,"column":4},"end":{"line":16,"column":81}},"6":{"start":{"line":13,"column":12},"end":{"line":13,"column":64}},"7":{"start":{"line":14,"column":12},"end":{"line":14,"column":19}},"8":{"start":{"line":16,"column":22},"end":{"line":16,"column":80}},"9":{"start":{"line":19,"column":0},"end":{"line":19,"column":33}}},"fnMap":{"0":{"name":"(anonymous_0)","decl":{"start":{"line":5,"column":24},"end":{"line":5,"column":25}},"loc":{"start":{"line":5,"column":43},"end":{"line":17,"column":1}},"line":5},"1":{"name":"(anonymous_1)","decl":{"start":{"line":12,"column":14},"end":{"line":12,"column":15}},"loc":{"start":{"line":12,"column":20},"end":{"line":15,"column":9}},"line":12},"2":{"name":"(anonymous_2)","decl":{"start":{"line":16,"column":15},"end":{"line":16,"column":16}},"loc":{"start":{"line":16,"column":22},"end":{"line":16,"column":80}},"line":16}},"branchMap":{},"s":{"0":1,"1":1,"2":1,"3":1,"4":1,"5":1,"6":0,"7":0,"8":1,"9":1},"f":{"0":1,"1":0,"2":1},"b":{},"inputSourceMap":null,"_coverageSchema":"1a1c01bbd47fc00a2c39e90264f33305004495a9","hash":"b51f4451dc5f77f8f83ea4fd2ba72848fe0b5d46"}
,"/Users/king-manchow/Documents/HackReactor/SDC/QnAServer/db/addQuestion.js": {"path":"/Users/king-manchow/Documents/HackReactor/SDC/QnAServer/db/addQuestion.js","statementMap":{"0":{"start":{"line":2,"column":0},"end":{"line":2,"column":52}},"1":{"start":{"line":3,"column":13},"end":{"line":3,"column":30}},"2":{"start":{"line":5,"column":20},"end":{"line":19,"column":1}},"3":{"start":{"line":7,"column":20},"end":{"line":11,"column":11}},"4":{"start":{"line":13,"column":2},"end":{"line":18,"column":73}},"5":{"start":{"line":16,"column":8},"end":{"line":16,"column":15}},"6":{"start":{"line":18,"column":18},"end":{"line":18,"column":72}},"7":{"start":{"line":21,"column":0},"end":{"line":21,"column":29}}},"fnMap":{"0":{"name":"(anonymous_0)","decl":{"start":{"line":5,"column":20},"end":{"line":5,"column":21}},"loc":{"start":{"line":5,"column":66},"end":{"line":19,"column":1}},"line":5},"1":{"name":"(anonymous_1)","decl":{"start":{"line":15,"column":10},"end":{"line":15,"column":11}},"loc":{"start":{"line":15,"column":16},"end":{"line":17,"column":5}},"line":15},"2":{"name":"(anonymous_2)","decl":{"start":{"line":18,"column":11},"end":{"line":18,"column":12}},"loc":{"start":{"line":18,"column":18},"end":{"line":18,"column":72}},"line":18}},"branchMap":{},"s":{"0":1,"1":1,"2":1,"3":1,"4":1,"5":0,"6":1,"7":1},"f":{"0":1,"1":0,"2":1},"b":{},"_coverageSchema":"1a1c01bbd47fc00a2c39e90264f33305004495a9","hash":"8185cd4b12cadf76ccabf89ff179d20b6d2c4191"}
,"/Users/king-manchow/Documents/HackReactor/SDC/QnAServer/db/getAnswers.js": {"path":"/Users/king-manchow/Documents/HackReactor/SDC/QnAServer/db/getAnswers.js","statementMap":{"0":{"start":{"line":2,"column":0},"end":{"line":2,"column":52}},"1":{"start":{"line":3,"column":13},"end":{"line":3,"column":30}},"2":{"start":{"line":5,"column":19},"end":{"line":44,"column":1}},"3":{"start":{"line":7,"column":20},"end":{"line":21,"column":3}},"4":{"start":{"line":23,"column":2},"end":{"line":43,"column":73}},"5":{"start":{"line":28,"column":6},"end":{"line":34,"column":8}},"6":{"start":{"line":29,"column":19},"end":{"line":29,"column":44}},"7":{"start":{"line":30,"column":8},"end":{"line":30,"column":38}},"8":{"start":{"line":31,"column":8},"end":{"line":33,"column":9}},"9":{"start":{"line":32,"column":10},"end":{"line":32,"column":26}},"10":{"start":{"line":35,"column":24},"end":{"line":40,"column":7}},"11":{"start":{"line":41,"column":6},"end":{"line":41,"column":25}},"12":{"start":{"line":43,"column":18},"end":{"line":43,"column":72}},"13":{"start":{"line":46,"column":0},"end":{"line":46,"column":28}}},"fnMap":{"0":{"name":"(anonymous_0)","decl":{"start":{"line":5,"column":19},"end":{"line":5,"column":20}},"loc":{"start":{"line":5,"column":27},"end":{"line":44,"column":1}},"line":5},"1":{"name":"(anonymous_1)","decl":{"start":{"line":25,"column":10},"end":{"line":25,"column":11}},"loc":{"start":{"line":25,"column":18},"end":{"line":42,"column":5}},"line":25},"2":{"name":"(anonymous_2)","decl":{"start":{"line":28,"column":24},"end":{"line":28,"column":25}},"loc":{"start":{"line":28,"column":31},"end":{"line":34,"column":7}},"line":28},"3":{"name":"(anonymous_3)","decl":{"start":{"line":43,"column":11},"end":{"line":43,"column":12}},"loc":{"start":{"line":43,"column":18},"end":{"line":43,"column":72}},"line":43}},"branchMap":{"0":{"loc":{"start":{"line":31,"column":8},"end":{"line":33,"column":9}},"type":"if","locations":[{"start":{"line":31,"column":8},"end":{"line":33,"column":9}},{"start":{},"end":{}}],"line":31}},"s":{"0":1,"1":1,"2":1,"3":1,"4":1,"5":0,"6":0,"7":0,"8":0,"9":0,"10":0,"11":0,"12":1,"13":1},"f":{"0":1,"1":0,"2":0,"3":1},"b":{"0":[0,0]},"_coverageSchema":"1a1c01bbd47fc00a2c39e90264f33305004495a9","hash":"39282964b80df37a1de1ee8849f00774a704b050"}
,"/Users/king-manchow/Documents/HackReactor/SDC/QnAServer/db/getOneQuestion.js": {"path":"/Users/king-manchow/Documents/HackReactor/SDC/QnAServer/db/getOneQuestion.js","statementMap":{"0":{"start":{"line":2,"column":0},"end":{"line":2,"column":52}},"1":{"start":{"line":3,"column":13},"end":{"line":3,"column":30}},"2":{"start":{"line":4,"column":23},"end":{"line":38,"column":1}},"3":{"start":{"line":5,"column":22},"end":{"line":5,"column":24}},"4":{"start":{"line":6,"column":2},"end":{"line":35,"column":4}},"5":{"start":{"line":7,"column":13},"end":{"line":7,"column":31}},"6":{"start":{"line":8,"column":22},"end":{"line":13,"column":67}},"7":{"start":{"line":15,"column":4},"end":{"line":34,"column":75}},"8":{"start":{"line":18,"column":8},"end":{"line":18,"column":28}},"9":{"start":{"line":19,"column":8},"end":{"line":30,"column":10}},"10":{"start":{"line":20,"column":10},"end":{"line":22,"column":11}},"11":{"start":{"line":21,"column":12},"end":{"line":21,"column":28}},"12":{"start":{"line":23,"column":25},"end":{"line":23,"column":31}},"13":{"start":{"line":24,"column":10},"end":{"line":26,"column":11}},"14":{"start":{"line":25,"column":12},"end":{"line":25,"column":43}},"15":{"start":{"line":27,"column":10},"end":{"line":29,"column":11}},"16":{"start":{"line":28,"column":12},"end":{"line":28,"column":39}},"17":{"start":{"line":32,"column":8},"end":{"line":32,"column":32}},"18":{"start":{"line":34,"column":20},"end":{"line":34,"column":74}},"19":{"start":{"line":40,"column":0},"end":{"line":40,"column":32}}},"fnMap":{"0":{"name":"(anonymous_0)","decl":{"start":{"line":4,"column":23},"end":{"line":4,"column":24}},"loc":{"start":{"line":4,"column":37},"end":{"line":38,"column":1}},"line":4},"1":{"name":"(anonymous_1)","decl":{"start":{"line":6,"column":23},"end":{"line":6,"column":24}},"loc":{"start":{"line":6,"column":33},"end":{"line":35,"column":3}},"line":6},"2":{"name":"(anonymous_2)","decl":{"start":{"line":17,"column":12},"end":{"line":17,"column":13}},"loc":{"start":{"line":17,"column":20},"end":{"line":33,"column":7}},"line":17},"3":{"name":"(anonymous_3)","decl":{"start":{"line":19,"column":26},"end":{"line":19,"column":27}},"loc":{"start":{"line":19,"column":33},"end":{"line":30,"column":9}},"line":19},"4":{"name":"(anonymous_4)","decl":{"start":{"line":34,"column":13},"end":{"line":34,"column":14}},"loc":{"start":{"line":34,"column":20},"end":{"line":34,"column":74}},"line":34}},"branchMap":{"0":{"loc":{"start":{"line":20,"column":10},"end":{"line":22,"column":11}},"type":"if","locations":[{"start":{"line":20,"column":10},"end":{"line":22,"column":11}},{"start":{},"end":{}}],"line":20},"1":{"loc":{"start":{"line":24,"column":10},"end":{"line":26,"column":11}},"type":"if","locations":[{"start":{"line":24,"column":10},"end":{"line":26,"column":11}},{"start":{},"end":{}}],"line":24},"2":{"loc":{"start":{"line":27,"column":10},"end":{"line":29,"column":11}},"type":"if","locations":[{"start":{"line":27,"column":10},"end":{"line":29,"column":11}},{"start":{},"end":{}}],"line":27}},"s":{"0":1,"1":1,"2":1,"3":1,"4":1,"5":2,"6":2,"7":2,"8":2,"9":2,"10":5,"11":4,"12":5,"13":5,"14":5,"15":5,"16":2,"17":2,"18":1,"19":1},"f":{"0":1,"1":2,"2":2,"3":5,"4":1},"b":{"0":[4,1],"1":[5,0],"2":[2,3]},"_coverageSchema":"1a1c01bbd47fc00a2c39e90264f33305004495a9","hash":"ece9a14eeb5a875011dbcf061073b57943dd86e0"}
,"/Users/king-manchow/Documents/HackReactor/SDC/QnAServer/db/getQuestions.js": {"path":"/Users/king-manchow/Documents/HackReactor/SDC/QnAServer/db/getQuestions.js","statementMap":{"0":{"start":{"line":2,"column":0},"end":{"line":2,"column":52}},"1":{"start":{"line":3,"column":15},"end":{"line":3,"column":42}},"2":{"start":{"line":4,"column":13},"end":{"line":4,"column":30}},"3":{"start":{"line":6,"column":21},"end":{"line":37,"column":1}},"4":{"start":{"line":8,"column":21},"end":{"line":12,"column":15}},"5":{"start":{"line":14,"column":2},"end":{"line":36,"column":73}},"6":{"start":{"line":17,"column":6},"end":{"line":21,"column":8}},"7":{"start":{"line":18,"column":19},"end":{"line":18,"column":53}},"8":{"start":{"line":19,"column":8},"end":{"line":19,"column":47}},"9":{"start":{"line":20,"column":8},"end":{"line":20,"column":29}},"10":{"start":{"line":22,"column":25},"end":{"line":24,"column":7}},"11":{"start":{"line":25,"column":6},"end":{"line":25,"column":26}},"12":{"start":{"line":28,"column":6},"end":{"line":34,"column":8}},"13":{"start":{"line":29,"column":8},"end":{"line":31,"column":9}},"14":{"start":{"line":30,"column":10},"end":{"line":30,"column":55}},"15":{"start":{"line":33,"column":8},"end":{"line":33,"column":31}},"16":{"start":{"line":36,"column":18},"end":{"line":36,"column":72}},"17":{"start":{"line":39,"column":0},"end":{"line":39,"column":30}}},"fnMap":{"0":{"name":"(anonymous_0)","decl":{"start":{"line":6,"column":21},"end":{"line":6,"column":22}},"loc":{"start":{"line":6,"column":52},"end":{"line":37,"column":1}},"line":6},"1":{"name":"(anonymous_1)","decl":{"start":{"line":16,"column":10},"end":{"line":16,"column":11}},"loc":{"start":{"line":16,"column":18},"end":{"line":26,"column":5}},"line":16},"2":{"name":"(anonymous_2)","decl":{"start":{"line":17,"column":24},"end":{"line":17,"column":25}},"loc":{"start":{"line":17,"column":31},"end":{"line":21,"column":7}},"line":17},"3":{"name":"(anonymous_3)","decl":{"start":{"line":27,"column":10},"end":{"line":27,"column":11}},"loc":{"start":{"line":27,"column":18},"end":{"line":35,"column":5}},"line":27},"4":{"name":"(anonymous_4)","decl":{"start":{"line":28,"column":19},"end":{"line":28,"column":20}},"loc":{"start":{"line":28,"column":36},"end":{"line":34,"column":7}},"line":28},"5":{"name":"(anonymous_5)","decl":{"start":{"line":36,"column":11},"end":{"line":36,"column":12}},"loc":{"start":{"line":36,"column":18},"end":{"line":36,"column":72}},"line":36}},"branchMap":{"0":{"loc":{"start":{"line":29,"column":8},"end":{"line":31,"column":9}},"type":"if","locations":[{"start":{"line":29,"column":8},"end":{"line":31,"column":9}},{"start":{},"end":{}}],"line":29}},"s":{"0":1,"1":1,"2":1,"3":1,"4":1,"5":1,"6":1,"7":2,"8":2,"9":2,"10":1,"11":1,"12":1,"13":2,"14":0,"15":2,"16":0,"17":1},"f":{"0":1,"1":1,"2":2,"3":1,"4":2,"5":0},"b":{"0":[0,2]},"_coverageSchema":"1a1c01bbd47fc00a2c39e90264f33305004495a9","hash":"8e59d480a3c65cbaa560ca3a8a6318b89b22f81a"}
,"/Users/king-manchow/Documents/HackReactor/SDC/QnAServer/db/markAnswerHelpful.js": {"path":"/Users/king-manchow/Documents/HackReactor/SDC/QnAServer/db/markAnswerHelpful.js","statementMap":{"0":{"start":{"line":2,"column":0},"end":{"line":2,"column":52}},"1":{"start":{"line":3,"column":13},"end":{"line":3,"column":30}},"2":{"start":{"line":5,"column":26},"end":{"line":17,"column":1}},"3":{"start":{"line":7,"column":20},"end":{"line":9,"column":26}},"4":{"start":{"line":11,"column":2},"end":{"line":16,"column":73}},"5":{"start":{"line":14,"column":8},"end":{"line":14,"column":15}},"6":{"start":{"line":16,"column":18},"end":{"line":16,"column":72}},"7":{"start":{"line":19,"column":0},"end":{"line":19,"column":35}}},"fnMap":{"0":{"name":"(anonymous_0)","decl":{"start":{"line":5,"column":26},"end":{"line":5,"column":27}},"loc":{"start":{"line":5,"column":40},"end":{"line":17,"column":1}},"line":5},"1":{"name":"(anonymous_1)","decl":{"start":{"line":13,"column":10},"end":{"line":13,"column":11}},"loc":{"start":{"line":13,"column":16},"end":{"line":15,"column":5}},"line":13},"2":{"name":"(anonymous_2)","decl":{"start":{"line":16,"column":11},"end":{"line":16,"column":12}},"loc":{"start":{"line":16,"column":18},"end":{"line":16,"column":72}},"line":16}},"branchMap":{},"s":{"0":1,"1":1,"2":1,"3":1,"4":1,"5":0,"6":1,"7":1},"f":{"0":1,"1":0,"2":1},"b":{},"_coverageSchema":"1a1c01bbd47fc00a2c39e90264f33305004495a9","hash":"cd98584cf426251375e00890c6808a1a72ff24c8"}
,"/Users/king-manchow/Documents/HackReactor/SDC/QnAServer/db/markQuestionHelpful.js": {"path":"/Users/king-manchow/Documents/HackReactor/SDC/QnAServer/db/markQuestionHelpful.js","statementMap":{"0":{"start":{"line":2,"column":0},"end":{"line":2,"column":52}},"1":{"start":{"line":3,"column":13},"end":{"line":3,"column":30}},"2":{"start":{"line":5,"column":28},"end":{"line":17,"column":1}},"3":{"start":{"line":7,"column":20},"end":{"line":9,"column":37}},"4":{"start":{"line":11,"column":2},"end":{"line":16,"column":75}},"5":{"start":{"line":14,"column":8},"end":{"line":14,"column":15}},"6":{"start":{"line":16,"column":18},"end":{"line":16,"column":74}},"7":{"start":{"line":19,"column":0},"end":{"line":19,"column":37}}},"fnMap":{"0":{"name":"(anonymous_0)","decl":{"start":{"line":5,"column":28},"end":{"line":5,"column":29}},"loc":{"start":{"line":5,"column":44},"end":{"line":17,"column":1}},"line":5},"1":{"name":"(anonymous_1)","decl":{"start":{"line":13,"column":10},"end":{"line":13,"column":11}},"loc":{"start":{"line":13,"column":16},"end":{"line":15,"column":5}},"line":13},"2":{"name":"(anonymous_2)","decl":{"start":{"line":16,"column":11},"end":{"line":16,"column":12}},"loc":{"start":{"line":16,"column":18},"end":{"line":16,"column":74}},"line":16}},"branchMap":{},"s":{"0":1,"1":1,"2":1,"3":1,"4":1,"5":0,"6":1,"7":1},"f":{"0":1,"1":0,"2":1},"b":{},"_coverageSchema":"1a1c01bbd47fc00a2c39e90264f33305004495a9","hash":"715e8f6253765c622074e4c667b9297da45826b4"}
,"/Users/king-manchow/Documents/HackReactor/SDC/QnAServer/db/pool.js": {"path":"/Users/king-manchow/Documents/HackReactor/SDC/QnAServer/db/pool.js","statementMap":{"0":{"start":{"line":2,"column":17},"end":{"line":2,"column":30}},"1":{"start":{"line":4,"column":13},"end":{"line":10,"column":2}},"2":{"start":{"line":12,"column":0},"end":{"line":12,"column":22}}},"fnMap":{},"branchMap":{"0":{"loc":{"start":{"line":5,"column":8},"end":{"line":5,"column":44}},"type":"binary-expr","locations":[{"start":{"line":5,"column":8},"end":{"line":5,"column":26}},{"start":{"line":5,"column":30},"end":{"line":5,"column":44}}],"line":5},"1":{"loc":{"start":{"line":6,"column":12},"end":{"line":6,"column":44}},"type":"binary-expr","locations":[{"start":{"line":6,"column":12},"end":{"line":6,"column":34}},{"start":{"line":6,"column":38},"end":{"line":6,"column":44}}],"line":6},"2":{"loc":{"start":{"line":7,"column":8},"end":{"line":7,"column":41}},"type":"binary-expr","locations":[{"start":{"line":7,"column":8},"end":{"line":7,"column":26}},{"start":{"line":7,"column":30},"end":{"line":7,"column":41}}],"line":7},"3":{"loc":{"start":{"line":8,"column":8},"end":{"line":8,"column":34}},"type":"binary-expr","locations":[{"start":{"line":8,"column":8},"end":{"line":8,"column":26}},{"start":{"line":8,"column":30},"end":{"line":8,"column":34}}],"line":8},"4":{"loc":{"start":{"line":9,"column":12},"end":{"line":9,"column":45}},"type":"binary-expr","locations":[{"start":{"line":9,"column":12},"end":{"line":9,"column":34}},{"start":{"line":9,"column":38},"end":{"line":9,"column":45}}],"line":9}},"s":{"0":1,"1":1,"2":1},"f":{},"b":{"0":[1,1],"1":[1,1],"2":[1,1],"3":[1,1],"4":[1,1]},"_coverageSchema":"1a1c01bbd47fc00a2c39e90264f33305004495a9","hash":"c27f79ae795c3b955a022a94ddacca9979f83b4f"}
,"/Users/king-manchow/Documents/HackReactor/SDC/QnAServer/db/queries.js": {"path":"/Users/king-manchow/Documents/HackReactor/SDC/QnAServer/db/queries.js","statementMap":{"0":{"start":{"line":2,"column":21},"end":{"line":2,"column":46}},"1":{"start":{"line":3,"column":23},"end":{"line":3,"column":50}},"2":{"start":{"line":4,"column":19},"end":{"line":4,"column":42}},"3":{"start":{"line":5,"column":20},"end":{"line":5,"column":44}},"4":{"start":{"line":6,"column":18},"end":{"line":6,"column":40}},"5":{"start":{"line":7,"column":24},"end":{"line":7,"column":52}},"6":{"start":{"line":8,"column":28},"end":{"line":8,"column":60}},"7":{"start":{"line":9,"column":23},"end":{"line":9,"column":50}},"8":{"start":{"line":10,"column":26},"end":{"line":10,"column":56}},"9":{"start":{"line":11,"column":21},"end":{"line":11,"column":46}},"10":{"start":{"line":13,"column":0},"end":{"line":15,"column":1}}},"fnMap":{},"branchMap":{},"s":{"0":1,"1":1,"2":1,"3":1,"4":1,"5":1,"6":1,"7":1,"8":1,"9":1,"10":1},"f":{},"b":{},"_coverageSchema":"1a1c01bbd47fc00a2c39e90264f33305004495a9","hash":"13428333ea991b17a2319abc396ee3871099af3a"}
,"/Users/king-manchow/Documents/HackReactor/SDC/QnAServer/db/reportAnswer.js": {"path":"/Users/king-manchow/Documents/HackReactor/SDC/QnAServer/db/reportAnswer.js","statementMap":{"0":{"start":{"line":2,"column":0},"end":{"line":2,"column":52}},"1":{"start":{"line":3,"column":13},"end":{"line":3,"column":30}},"2":{"start":{"line":5,"column":21},"end":{"line":17,"column":1}},"3":{"start":{"line":7,"column":20},"end":{"line":9,"column":26}},"4":{"start":{"line":11,"column":2},"end":{"line":16,"column":64}},"5":{"start":{"line":14,"column":8},"end":{"line":14,"column":15}},"6":{"start":{"line":16,"column":18},"end":{"line":16,"column":63}},"7":{"start":{"line":19,"column":0},"end":{"line":19,"column":30}}},"fnMap":{"0":{"name":"(anonymous_0)","decl":{"start":{"line":5,"column":21},"end":{"line":5,"column":22}},"loc":{"start":{"line":5,"column":35},"end":{"line":17,"column":1}},"line":5},"1":{"name":"(anonymous_1)","decl":{"start":{"line":13,"column":10},"end":{"line":13,"column":11}},"loc":{"start":{"line":13,"column":16},"end":{"line":15,"column":5}},"line":13},"2":{"name":"(anonymous_2)","decl":{"start":{"line":16,"column":11},"end":{"line":16,"column":12}},"loc":{"start":{"line":16,"column":18},"end":{"line":16,"column":63}},"line":16}},"branchMap":{},"s":{"0":1,"1":1,"2":1,"3":1,"4":1,"5":0,"6":1,"7":1},"f":{"0":1,"1":0,"2":1},"b":{},"_coverageSchema":"1a1c01bbd47fc00a2c39e90264f33305004495a9","hash":"f425b8d15cdea52788bbc536095a93d94c3ba8f8"}
,"/Users/king-manchow/Documents/HackReactor/SDC/QnAServer/db/reportQuestion.js": {"path":"/Users/king-manchow/Documents/HackReactor/SDC/QnAServer/db/reportQuestion.js","statementMap":{"0":{"start":{"line":2,"column":0},"end":{"line":2,"column":52}},"1":{"start":{"line":3,"column":13},"end":{"line":3,"column":30}},"2":{"start":{"line":5,"column":23},"end":{"line":17,"column":1}},"3":{"start":{"line":7,"column":20},"end":{"line":9,"column":37}},"4":{"start":{"line":11,"column":2},"end":{"line":16,"column":66}},"5":{"start":{"line":14,"column":8},"end":{"line":14,"column":15}},"6":{"start":{"line":16,"column":18},"end":{"line":16,"column":65}},"7":{"start":{"line":19,"column":0},"end":{"line":19,"column":32}}},"fnMap":{"0":{"name":"(anonymous_0)","decl":{"start":{"line":5,"column":23},"end":{"line":5,"column":24}},"loc":{"start":{"line":5,"column":39},"end":{"line":17,"column":1}},"line":5},"1":{"name":"(anonymous_1)","decl":{"start":{"line":13,"column":10},"end":{"line":13,"column":11}},"loc":{"start":{"line":13,"column":16},"end":{"line":15,"column":5}},"line":13},"2":{"name":"(anonymous_2)","decl":{"start":{"line":16,"column":11},"end":{"line":16,"column":12}},"loc":{"start":{"line":16,"column":18},"end":{"line":16,"column":65}},"line":16}},"branchMap":{},"s":{"0":1,"1":1,"2":1,"3":1,"4":1,"5":0,"6":1,"7":1},"f":{"0":1,"1":0,"2":1},"b":{},"_coverageSchema":"1a1c01bbd47fc00a2c39e90264f33305004495a9","hash":"873eaf1f710f3517c7904c701a138dd3daa17b1c"}
}
