TN:
SF:app.js
FN:13,(anonymous_0)
FN:19,(anonymous_1)
FN:24,(anonymous_2)
FN:35,(anonymous_3)
FN:38,(anonymous_4)
FN:42,(anonymous_5)
FN:50,(anonymous_6)
FN:53,(anonymous_7)
FN:56,(anonymous_8)
FN:62,(anonymous_9)
FN:66,(anonymous_10)
FN:71,(anonymous_11)
FN:74,(anonymous_12)
FN:83,(anonymous_13)
FN:86,(anonymous_14)
FN:89,(anonymous_15)
FN:95,(anonymous_16)
FN:98,(anonymous_17)
FN:101,(anonymous_18)
FN:108,(anonymous_19)
FN:111,(anonymous_20)
FN:114,(anonymous_21)
FN:120,(anonymous_22)
FN:123,(anonymous_23)
FN:126,(anonymous_24)
FNF:25
FNH:18
FNDA:1,(anonymous_0)
FNDA:1,(anonymous_1)
FNDA:2,(anonymous_2)
FNDA:1,(anonymous_3)
FNDA:1,(anonymous_4)
FNDA:0,(anonymous_5)
FNDA:1,(anonymous_6)
FNDA:1,(anonymous_7)
FNDA:0,(anonymous_8)
FNDA:1,(anonymous_9)
FNDA:1,(anonymous_10)
FNDA:1,(anonymous_11)
FNDA:0,(anonymous_12)
FNDA:1,(anonymous_13)
FNDA:1,(anonymous_14)
FNDA:0,(anonymous_15)
FNDA:1,(anonymous_16)
FNDA:1,(anonymous_17)
FNDA:0,(anonymous_18)
FNDA:1,(anonymous_19)
FNDA:1,(anonymous_20)
FNDA:0,(anonymous_21)
FNDA:1,(anonymous_22)
FNDA:1,(anonymous_23)
FNDA:0,(anonymous_24)
DA:3,1
DA:4,1
DA:5,1
DA:6,1
DA:9,1
DA:10,1
DA:11,1
DA:13,1
DA:14,1
DA:19,1
DA:20,1
DA:21,1
DA:22,1
DA:24,1
DA:25,2
DA:26,2
DA:27,0
DA:29,2
DA:35,1
DA:36,1
DA:37,1
DA:39,1
DA:40,1
DA:43,0
DA:50,1
DA:51,1
DA:52,1
DA:54,1
DA:57,0
DA:62,1
DA:63,1
DA:64,1
DA:65,1
DA:68,1
DA:69,1
DA:72,1
DA:75,0
DA:83,1
DA:84,1
DA:85,1
DA:87,1
DA:90,0
DA:95,1
DA:96,1
DA:97,1
DA:99,1
DA:102,0
DA:108,1
DA:109,1
DA:110,1
DA:112,1
DA:115,0
DA:120,1
DA:121,1
DA:122,1
DA:124,1
DA:127,0
DA:132,1
LF:58
LH:50
BRDA:20,0,0,1
BRDA:20,0,1,0
BRDA:21,1,0,1
BRDA:21,1,1,0
BRDA:26,2,0,0
BRDA:26,2,1,2
BRF:6
BRH:3
end_of_record
TN:
SF:db/addAnswer.js
FN:5,(anonymous_0)
FN:13,(anonymous_1)
FN:18,(anonymous_2)
FNF:3
FNH:2
FNDA:1,(anonymous_0)
FNDA:0,(anonymous_1)
FNDA:1,(anonymous_2)
DA:2,1
DA:3,1
DA:5,1
DA:7,1
DA:11,1
DA:14,0
DA:15,0
DA:16,0
DA:18,1
DA:21,1
LF:10
LH:7
BRF:0
BRH:0
end_of_record
TN:
SF:db/addAnswerPhotos
FN:5,(anonymous_0)
FN:12,(anonymous_1)
FN:16,(anonymous_2)
FNF:3
FNH:2
FNDA:1,(anonymous_0)
FNDA:0,(anonymous_1)
FNDA:1,(anonymous_2)
DA:2,1
DA:3,1
DA:5,1
DA:6,1
DA:7,1
DA:10,1
DA:13,0
DA:14,0
DA:16,1
DA:19,1
LF:10
LH:8
BRF:0
BRH:0
end_of_record
TN:
SF:db/addQuestion.js
FN:5,(anonymous_0)
FN:15,(anonymous_1)
FN:18,(anonymous_2)
FNF:3
FNH:2
FNDA:1,(anonymous_0)
FNDA:0,(anonymous_1)
FNDA:1,(anonymous_2)
DA:2,1
DA:3,1
DA:5,1
DA:7,1
DA:13,1
DA:16,0
DA:18,1
DA:21,1
LF:8
LH:7
BRF:0
BRH:0
end_of_record
TN:
SF:db/getAnswers.js
FN:5,(anonymous_0)
FN:25,(anonymous_1)
FN:28,(anonymous_2)
FN:43,(anonymous_3)
FNF:4
FNH:2
FNDA:1,(anonymous_0)
FNDA:0,(anonymous_1)
FNDA:0,(anonymous_2)
FNDA:1,(anonymous_3)
DA:2,1
DA:3,1
DA:5,1
DA:7,1
DA:23,1
DA:28,0
DA:29,0
DA:30,0
DA:31,0
DA:32,0
DA:35,0
DA:41,0
DA:43,1
DA:46,1
LF:14
LH:7
BRDA:31,0,0,0
BRDA:31,0,1,0
BRF:2
BRH:0
end_of_record
TN:
SF:db/getOneQuestion.js
FN:4,(anonymous_0)
FN:6,(anonymous_1)
FN:17,(anonymous_2)
FN:19,(anonymous_3)
FN:34,(anonymous_4)
FNF:5
FNH:5
FNDA:1,(anonymous_0)
FNDA:2,(anonymous_1)
FNDA:2,(anonymous_2)
FNDA:5,(anonymous_3)
FNDA:1,(anonymous_4)
DA:2,1
DA:3,1
DA:4,1
DA:5,1
DA:6,1
DA:7,2
DA:8,2
DA:15,2
DA:18,2
DA:19,2
DA:20,5
DA:21,4
DA:23,5
DA:24,5
DA:25,5
DA:27,5
DA:28,2
DA:32,2
DA:34,1
DA:40,1
LF:20
LH:20
BRDA:20,0,0,4
BRDA:20,0,1,1
BRDA:24,1,0,5
BRDA:24,1,1,0
BRDA:27,2,0,2
BRDA:27,2,1,3
BRF:6
BRH:5
end_of_record
TN:
SF:db/getQuestions.js
FN:6,(anonymous_0)
FN:16,(anonymous_1)
FN:17,(anonymous_2)
FN:27,(anonymous_3)
FN:28,(anonymous_4)
FN:36,(anonymous_5)
FNF:6
FNH:5
FNDA:1,(anonymous_0)
FNDA:1,(anonymous_1)
FNDA:2,(anonymous_2)
FNDA:1,(anonymous_3)
FNDA:2,(anonymous_4)
FNDA:0,(anonymous_5)
DA:2,1
DA:3,1
DA:4,1
DA:6,1
DA:8,1
DA:14,1
DA:17,1
DA:18,2
DA:19,2
DA:20,2
DA:22,1
DA:25,1
DA:28,1
DA:29,2
DA:30,0
DA:33,2
DA:36,0
DA:39,1
LF:18
LH:16
BRDA:29,0,0,0
BRDA:29,0,1,2
BRF:2
BRH:1
end_of_record
TN:
SF:db/markAnswerHelpful.js
FN:5,(anonymous_0)
FN:13,(anonymous_1)
FN:16,(anonymous_2)
FNF:3
FNH:2
FNDA:1,(anonymous_0)
FNDA:0,(anonymous_1)
FNDA:1,(anonymous_2)
DA:2,1
DA:3,1
DA:5,1
DA:7,1
DA:11,1
DA:14,0
DA:16,1
DA:19,1
LF:8
LH:7
BRF:0
BRH:0
end_of_record
TN:
SF:db/markQuestionHelpful.js
FN:5,(anonymous_0)
FN:13,(anonymous_1)
FN:16,(anonymous_2)
FNF:3
FNH:2
FNDA:1,(anonymous_0)
FNDA:0,(anonymous_1)
FNDA:1,(anonymous_2)
DA:2,1
DA:3,1
DA:5,1
DA:7,1
DA:11,1
DA:14,0
DA:16,1
DA:19,1
LF:8
LH:7
BRF:0
BRH:0
end_of_record
TN:
SF:db/pool.js
FNF:0
FNH:0
DA:2,1
DA:4,1
DA:12,1
LF:3
LH:3
BRDA:5,0,0,1
BRDA:5,0,1,1
BRDA:6,1,0,1
BRDA:6,1,1,1
BRDA:7,2,0,1
BRDA:7,2,1,1
BRDA:8,3,0,1
BRDA:8,3,1,1
BRDA:9,4,0,1
BRDA:9,4,1,1
BRF:10
BRH:10
end_of_record
TN:
SF:db/queries.js
FNF:0
FNH:0
DA:2,1
DA:3,1
DA:4,1
DA:5,1
DA:6,1
DA:7,1
DA:8,1
DA:9,1
DA:10,1
DA:11,1
DA:13,1
LF:11
LH:11
BRF:0
BRH:0
end_of_record
TN:
SF:db/reportAnswer.js
FN:5,(anonymous_0)
FN:13,(anonymous_1)
FN:16,(anonymous_2)
FNF:3
FNH:2
FNDA:1,(anonymous_0)
FNDA:0,(anonymous_1)
FNDA:1,(anonymous_2)
DA:2,1
DA:3,1
DA:5,1
DA:7,1
DA:11,1
DA:14,0
DA:16,1
DA:19,1
LF:8
LH:7
BRF:0
BRH:0
end_of_record
TN:
SF:db/reportQuestion.js
FN:5,(anonymous_0)
FN:13,(anonymous_1)
FN:16,(anonymous_2)
FNF:3
FNH:2
FNDA:1,(anonymous_0)
FNDA:0,(anonymous_1)
FNDA:1,(anonymous_2)
DA:2,1
DA:3,1
DA:5,1
DA:7,1
DA:11,1
DA:14,0
DA:16,1
DA:19,1
LF:8
LH:7
BRF:0
BRH:0
end_of_record
